/*C1*/SET SCHEMA SYSTEM_LOBS
INSERT INTO BLOCKS VALUES(0,2147483647,0)
COMMIT
/*C2*/SET SCHEMA PUBLIC
drop table if exists atleta CASCADE 
drop table if exists campo CASCADE 
drop table if exists debito CASCADE 
drop table if exists fascia_oraria CASCADE 
drop table if exists prenotazione CASCADE 
drop table if exists prenotazione_fasciaoraria CASCADE 
drop table if exists prenotazione_fissa CASCADE 
drop table if exists protazioni_disdette CASCADE 
create table atleta (id bigint generated by default as identity (start with 1), admin boolean not null, cognome varchar(255) not null, email varchar(255) not null, livello varchar(255), nome varchar(255) not null, password varchar(255) not null, telefono bigint not null, username varchar(255) not null, primary key (id))
create table campo (id bigint generated by default as identity (start with 1), nome varchar(255) not null, primary key (id))
create table debito (id bigint generated by default as identity (start with 1), descrizione varchar(255), importo float, atleta bigint, primary key (id))
create table fascia_oraria (id bigint generated by default as identity (start with 1), fine varchar(255), inizio varchar(255), primary key (id))
create table prenotazione (id bigint generated by default as identity (start with 1), giorno date, libera boolean, nome varchar(255), tipo varchar(255), atleta bigint, campo bigint, primary key (id))
create table prenotazione_fasciaoraria (prenotazione_id bigint not null, fasciaoraria_id bigint not null)
create table prenotazione_fissa (id bigint generated by default as identity (start with 1), durata integer, giorno integer, campo bigint, fascia_oraria bigint, prenotazione bigint, primary key (id))
create table protazioni_disdette (prenotazione_fissa_id bigint not null, prenotazioni_disdette date)
alter table debito add constraint FKkfvm1017d96yu19sajh5ltsd1 foreign key (atleta) references atleta
alter table prenotazione add constraint FKekmo5yjbod49ai7t8723fddtr foreign key (atleta) references atleta
alter table prenotazione add constraint FKpywhn5863lnc64l77s6qv2fe1 foreign key (campo) references campo
alter table prenotazione_fasciaoraria add constraint FKkxy8ahf6od2n8ugj0gwwgyaio foreign key (fasciaoraria_id) references fascia_oraria
alter table prenotazione_fasciaoraria add constraint FKc7csklq6y54uv3xe5g5s9ndqo foreign key (prenotazione_id) references prenotazione
alter table prenotazione_fissa add constraint FKej4blcsy6vw6rukbbnuaer87s foreign key (campo) references campo
alter table prenotazione_fissa add constraint FKog84fdeafahch4eaifprtbgyy foreign key (fascia_oraria) references fascia_oraria
alter table prenotazione_fissa add constraint FK9iq9sg44de1sej22sjgv986dd foreign key (prenotazione) references atleta
alter table protazioni_disdette add constraint FKnkexsvdnpwyk4dr2bfp7khwnx foreign key (prenotazione_fissa_id) references prenotazione_fissa
INSERT INTO ATLETA VALUES(1,FALSE,'Bellizzi','marcobellizzi96@gmail.com','principiante','Marco','password123',3284686896,'Marco Bellizzi')
COMMIT
INSERT INTO ATLETA VALUES(2,FALSE,'Bellizzi','domenico.bellizzi@outlook.com','principiante','Niki','password123',3486851557,'Niki Bellizzi')
COMMIT
INSERT INTO ATLETA VALUES(3,FALSE,'Bellizzi','ivan@gmail.com','principiante','Ivan','password123',3409952509,'Ivan Bellizzi')
COMMIT
INSERT INTO ATLETA VALUES(4,TRUE,'Meccico','andreaMeccico@gmail.com','avanzato','Andrea','password123',3518024114,'Andrea Meccico')
COMMIT
INSERT INTO ATLETA VALUES(5,TRUE,'Meccico','vittorioMeccico@gmail.com','avanzato','Vittorio','password123',3896524116,'Vittorio Meccico')
COMMIT
INSERT INTO FASCIA_ORARIA VALUES(1,'8:30','8:00')
COMMIT
INSERT INTO FASCIA_ORARIA VALUES(2,'9:00','8:30')
COMMIT
INSERT INTO FASCIA_ORARIA VALUES(3,'9:30','9:00')
COMMIT
INSERT INTO FASCIA_ORARIA VALUES(4,'10:00','9:30')
COMMIT
INSERT INTO FASCIA_ORARIA VALUES(5,'10:30','10:00')
COMMIT
INSERT INTO FASCIA_ORARIA VALUES(6,'11:00','10:30')
COMMIT
INSERT INTO FASCIA_ORARIA VALUES(7,'11:30','11:00')
COMMIT
INSERT INTO FASCIA_ORARIA VALUES(8,'12:00','11:30')
COMMIT
INSERT INTO FASCIA_ORARIA VALUES(9,'12:30','12:00')
COMMIT
INSERT INTO FASCIA_ORARIA VALUES(10,'13:00','12:30')
COMMIT
INSERT INTO FASCIA_ORARIA VALUES(11,'13:30','13:00')
COMMIT
INSERT INTO FASCIA_ORARIA VALUES(12,'14:00','13:30')
COMMIT
INSERT INTO FASCIA_ORARIA VALUES(13,'14:30','14:00')
COMMIT
INSERT INTO FASCIA_ORARIA VALUES(14,'15:00','14:30')
COMMIT
INSERT INTO FASCIA_ORARIA VALUES(15,'15:30','15:00')
COMMIT
INSERT INTO FASCIA_ORARIA VALUES(16,'16:00','15:30')
COMMIT
INSERT INTO FASCIA_ORARIA VALUES(17,'16:30','16:00')
COMMIT
INSERT INTO FASCIA_ORARIA VALUES(18,'17:00','16:30')
COMMIT
INSERT INTO FASCIA_ORARIA VALUES(19,'17:30','17:00')
COMMIT
INSERT INTO FASCIA_ORARIA VALUES(20,'18:00','17:30')
COMMIT
INSERT INTO FASCIA_ORARIA VALUES(21,'18:30','18:00')
COMMIT
INSERT INTO FASCIA_ORARIA VALUES(22,'19:00','18:30')
COMMIT
INSERT INTO FASCIA_ORARIA VALUES(23,'19:30','19:00')
COMMIT
INSERT INTO FASCIA_ORARIA VALUES(24,'20:00','19:30')
COMMIT
INSERT INTO FASCIA_ORARIA VALUES(25,'20:30','20:00')
COMMIT
INSERT INTO FASCIA_ORARIA VALUES(26,'21:00','20:30')
COMMIT
INSERT INTO FASCIA_ORARIA VALUES(27,'21:30','21:00')
COMMIT
INSERT INTO FASCIA_ORARIA VALUES(28,'22:00','21:30')
COMMIT
INSERT INTO FASCIA_ORARIA VALUES(29,'22:30','22:00')
COMMIT
INSERT INTO FASCIA_ORARIA VALUES(30,'23:00','22:30')
COMMIT
INSERT INTO FASCIA_ORARIA VALUES(31,'23:30','23:00')
COMMIT
INSERT INTO FASCIA_ORARIA VALUES(32,'24:00','23:30')
COMMIT
INSERT INTO CAMPO VALUES(1,'Tennis Terra 1')
COMMIT
INSERT INTO CAMPO VALUES(2,'Tennis Terra 2')
COMMIT
INSERT INTO CAMPO VALUES(3,'Tennis Coperto')
COMMIT
INSERT INTO CAMPO VALUES(4,'Tennis e Calcetto')
COMMIT
INSERT INTO CAMPO VALUES(5,'Calcetto')
COMMIT
DISCONNECT
/*C3*/SET SCHEMA PUBLIC
DISCONNECT
/*C4*/SET SCHEMA PUBLIC
DISCONNECT
/*C5*/SET SCHEMA PUBLIC
DISCONNECT
/*C6*/SET SCHEMA PUBLIC
DISCONNECT
/*C7*/SET SCHEMA PUBLIC
DISCONNECT
/*C8*/SET SCHEMA PUBLIC
DISCONNECT
/*C9*/SET SCHEMA PUBLIC
DISCONNECT
/*C10*/SET SCHEMA PUBLIC
DISCONNECT
/*C11*/SET SCHEMA PUBLIC
DISCONNECT
